<?xml version="1.0" encoding="UTF-8"?>
<!-- Generated by org.testng.reporters.JUnitReportReporter -->
<testsuite hostname="Gyana-Lapy" failures="0" tests="1" name="com.opencart.test.LoginPageTest" time="0.040" errors="0" timestamp="4 Jun 2021 06:44:57 GMT">
  <testcase classname="com.opencart.test.LoginPageTest" name="titileTest" time="0.040"/>
</testsuite> <!-- com.opencart.test.LoginPageTest -->
