<?xml version="1.0" encoding="UTF-8"?>
<!-- Generated by org.testng.reporters.JUnitReportReporter -->
<testsuite hostname="Gyana-Lapy" failures="0" tests="1" name="com.opencart.test.AccountsPageTest" time="0.028" errors="0" timestamp="29 May 2021 04:59:35 GMT">
  <testcase classname="com.opencart.test.AccountsPageTest" name="titleTest" time="0.028"/>
</testsuite> <!-- com.opencart.test.AccountsPageTest -->
